ISim log file
Running: C:\Users\kor\Documents\ArbiterTest\Arbiter_TB_isim_beh.exe -gui -tclbatch isim.cmd -wdb C:/Users/kor/Documents/ArbiterTest/Arbiter_TB_isim_beh.wdb 
ISim M.81d (signature 0xcb73ee62)
This is a Full version of ISim.
Time resolution is 1 ps
# onerror resume
# wave add /
# run 100ms
Simulator is doing circuit initialization process.
Finished circuit initialization process.
# run 1.00us
# run 1.00us
# run 1.00us
# run 1.00us
# run 1.00us
# run 1.00us
# run 1.00us
# run 1.00us
# run 1.00us
# run 1.00us
# run 1.00us
Stopped at time : 100010500 ns : File "C:/Users/kor/Documents/ArbiterTest/Scheduler.vhd" Line 84
# run 1.00us
Stopped at time : 100010510 ns : File "C:/Users/kor/Documents/ArbiterTest/Scheduler.vhd" Line 84
# run 1.00us
Stopped at time : 100011500 ns : File "C:/Users/kor/Documents/ArbiterTest/Scheduler.vhd" Line 84
# run 1.00us
# run 1.00us
Stopped at time : 100012510 ns : File "C:/Users/kor/Documents/ArbiterTest/Scheduler.vhd" Line 84
# run 1.00us
Stopped at time : 100013500 ns : File "C:/Users/kor/Documents/ArbiterTest/Scheduler.vhd" Line 84
# run 1.00us
# run 1.00us
Stopped at time : 100014510 ns : File "C:/Users/kor/Documents/ArbiterTest/Scheduler.vhd" Line 84
# run 1.00us
Stopped at time : 100015510 ns : File "C:/Users/kor/Documents/ArbiterTest/Scheduler.vhd" Line 84
# run 1.00us
Stopped at time : 100016500 ns : File "C:/Users/kor/Documents/ArbiterTest/Scheduler.vhd" Line 84
# run 1.00us
Stopped at time : 100017500 ns : File "C:/Users/kor/Documents/ArbiterTest/Scheduler.vhd" Line 84
# run 1.00us
Stopped at time : 100018500 ns : File "C:/Users/kor/Documents/ArbiterTest/Scheduler.vhd" Line 84
# run 1.00us
# run 1.00us
Stopped at time : 100019510 ns : File "C:/Users/kor/Documents/ArbiterTest/Scheduler.vhd" Line 84
# run 1.00us
Stopped at time : 100020500 ns : File "C:/Users/kor/Documents/ArbiterTest/Scheduler.vhd" Line 84
# run 1.00us
# run 1.00us
Stopped at time : 100021510 ns : File "C:/Users/kor/Documents/ArbiterTest/Scheduler.vhd" Line 84
# run 1.00us
Stopped at time : 100022510 ns : File "C:/Users/kor/Documents/ArbiterTest/Scheduler.vhd" Line 84
# run 1.00us
Stopped at time : 100023500 ns : File "C:/Users/kor/Documents/ArbiterTest/Scheduler.vhd" Line 84
# run 1.00us
# run 1.00us
# run 1.00us
# run 1.00us
# run 1.00us
# run 1.00us
# run 1.00us
# run 1.00us
# run 1.00us
# run 1.00us
# run 1.00us
