Release 12.4 Map M.81d (nt)
Xilinx Mapping Report File for Design 'RoutingTable'

Design Information
------------------
Command Line   : map -intstyle ise -p xc4vsx35-ff668-10 -global_opt off -cm area
-ir off -pr off -c 100 -o RoutingTable_map.ncd RoutingTable.ngd RoutingTable.pcf
 
Target Device  : xc4vsx35
Target Package : ff668
Target Speed   : -10
Mapper Version : virtex4 -- $Revision: 1.52.76.2 $
Mapped Date    : Sat Apr 23 23:25:45 2011

Design Summary
--------------
Number of errors   :   2
Number of warnings :   0

Section 1 - Errors
------------------
ERROR:Map:116 - The design is empty.  No processing will be done.
ERROR:Map:52 - Problem encountered processing RPMs. 

Section 2 - Warnings
--------------------

Section 3 - Informational
-------------------------
